[debug] [2020-07-24T22:25:34.692Z] ----------------------------------------------------------------------
[debug] [2020-07-24T22:25:34.695Z] Command:       /usr/local/bin/node /usr/local/bin/firebase init
[debug] [2020-07-24T22:25:34.695Z] CLI Version:   8.6.0
[debug] [2020-07-24T22:25:34.695Z] Platform:      linux
[debug] [2020-07-24T22:25:34.696Z] Node Version:  v13.10.1
[debug] [2020-07-24T22:25:34.696Z] Time:          Fri Jul 24 2020 19:25:34 GMT-0300 (Horário Padrão de Brasília)
[debug] [2020-07-24T22:25:34.696Z] ----------------------------------------------------------------------
[debug] [2020-07-24T22:25:34.697Z] 
[debug] [2020-07-24T22:25:34.707Z] > command requires scopes: ["email","openid","https://www.googleapis.com/auth/cloudplatformprojects.readonly","https://www.googleapis.com/auth/firebase","https://www.googleapis.com/auth/cloud-platform"]
[debug] [2020-07-24T22:25:34.707Z] > authorizing via signed-in user
[info] 
     ######## #### ########  ######## ########     ###     ######  ########
     ##        ##  ##     ## ##       ##     ##  ##   ##  ##       ##
     ######    ##  ########  ######   ########  #########  ######  ######
     ##        ##  ##    ##  ##       ##     ## ##     ##       ## ##
     ##       #### ##     ## ######## ########  ##     ##  ######  ########

You're about to initialize a Firebase project in this directory:

  /media/gabriel/Backup/projetos/covid-19-Info

Before we get started, keep in mind:

  * You are currently outside your home directory
  * You are initializing in an existing Firebase project directory

[info] 
=== Project Setup
[info] 
[info] First, let's associate this project directory with a Firebase project.
[info] You can create multiple project aliases by running firebase use --add, 
[info] but for now we'll just set up a default project.
[info] 
[info] i  .firebaserc already has a default project, using covid-search-a289f. 
[debug] [2020-07-24T22:25:39.283Z] >>> HTTP REQUEST GET https://firebase.googleapis.com/v1beta1/projects/covid-search-a289f  
 
[debug] [2020-07-24T22:25:39.920Z] <<< HTTP RESPONSE 200 {"content-type":"application/json; charset=UTF-8","vary":"X-Origin, Referer, Origin,Accept-Encoding","date":"Fri, 24 Jul 2020 22:25:39 GMT","server":"ESF","cache-control":"private","x-xss-protection":"0","x-frame-options":"SAMEORIGIN","x-content-type-options":"nosniff","alt-svc":"h3-29=\":443\"; ma=2592000,h3-27=\":443\"; ma=2592000,h3-T050=\":443\"; ma=2592000,h3-Q050=\":443\"; ma=2592000,h3-Q046=\":443\"; ma=2592000,h3-Q043=\":443\"; ma=2592000,quic=\":443\"; ma=2592000; v=\"46,43\"","accept-ranges":"none","transfer-encoding":"chunked"}
[info] 
=== Hosting Setup
[info] 
[info] Your public directory is the folder (relative to your project directory) that
[info] will contain Hosting assets to be uploaded with firebase deploy. If you
[info] have a build process for your assets, use your build's output directory.
[info] 
[debug] [2020-07-24T22:26:08.765Z] >>> HTTP REQUEST GET https://www.gstatic.com/firebasejs/releases.json  
 
[debug] [2020-07-24T22:26:09.495Z] <<< HTTP RESPONSE 200 {"accept-ranges":"bytes","vary":"Accept-Encoding, Origin","content-type":"application/json","content-length":"1429","date":"Fri, 24 Jul 2020 22:18:19 GMT","expires":"Fri, 24 Jul 2020 23:08:19 GMT","last-modified":"Fri, 24 Jul 2020 05:16:40 GMT","x-content-type-options":"nosniff","server":"sffe","x-xss-protection":"0","cache-control":"public, max-age=3000","age":"470","alt-svc":"h3-29=\":443\"; ma=2592000,h3-27=\":443\"; ma=2592000,h3-T050=\":443\"; ma=2592000,h3-Q050=\":443\"; ma=2592000,h3-Q046=\":443\"; ma=2592000,h3-Q043=\":443\"; ma=2592000,quic=\":443\"; ma=2592000; v=\"46,43\""}
[info] ✔  Wrote public/index.html 
[info] 
[info] i  Writing configuration info to firebase.json... 
[info] i  Writing project information to .firebaserc... 
[info] 
[info] ✔  Firebase initialization complete! 
